<?xml version="1.0" encoding="UTF-8"?>
<!-- Generated by org.testng.reporters.JUnitXMLReporter -->
<testsuite ignored="6" hostname="LAPTOP-THHT2UM9" failures="0" tests="5" name="Test" time="101.514" errors="0" timestamp="2021-12-27T16:45:13 IST">
  <testcase classname="com.crm.autodesk.orgtest.CreatOrgTest" name="creatOrgTest" time="10.945"/>
  <testcase classname="com.crm.autodesk.orgtest.CreatOrgTest" name="createOrgDemo" time="0.0"/>
  <testcase classname="com.crm.autodesk.contacttest.CreateContactWithOrgTest" name="CreateContactWithOrgTest" time="28.97"/>
  <testcase classname="com.crm.autodesk.contacttest.CreateContactTest" name="CreateContactTest" time="10.536"/>
  <testcase classname="com.crm.autodesk.orgtest.CreateOrgWithIndustries_TypeTest" name="CreateOrgWithIndustries_TypeTest" time="11.294"/>
  <testcase classname="com.crm.autodesk.genericutility.BaseClass" name="@AfterSuite closeConnection" time="0.0">
    <ignored/>
  </testcase> <!-- @AfterSuite closeConnection -->
  <testcase classname="com.crm.autodesk.genericutility.BaseClass" name="@AfterSuite closeConnection" time="0.0">
    <ignored/>
  </testcase> <!-- @AfterSuite closeConnection -->
  <testcase classname="com.crm.autodesk.genericutility.BaseClass" name="@AfterSuite closeConnection" time="0.0">
    <ignored/>
  </testcase> <!-- @AfterSuite closeConnection -->
  <testcase classname="com.crm.autodesk.genericutility.BaseClass" name="@BeforeSuite dbConnection" time="0.0">
    <ignored/>
  </testcase> <!-- @BeforeSuite dbConnection -->
  <testcase classname="com.crm.autodesk.genericutility.BaseClass" name="@BeforeSuite dbConnection" time="0.0">
    <ignored/>
  </testcase> <!-- @BeforeSuite dbConnection -->
  <testcase classname="com.crm.autodesk.genericutility.BaseClass" name="@BeforeSuite dbConnection" time="0.0">
    <ignored/>
  </testcase> <!-- @BeforeSuite dbConnection -->
</testsuite> <!-- Test -->
