<?xml version="1.0" encoding="UTF-8"?>
<!-- Generated by org.testng.reporters.JUnitXMLReporter -->
<testsuite ignored="2" hostname="LAPTOP-THHT2UM9" failures="0" tests="3" name="TestRunner-2" time="48.205" errors="0" timestamp="2021-12-27T14:33:47 IST">
  <testcase classname="com.crm.autodesk.orgtest.CreatOrgTest" name="creatOrgTest" time="12.027"/>
  <testcase classname="com.crm.autodesk.orgtest.CreatOrgTest" name="createOrgDemo" time="0.008"/>
  <testcase classname="com.crm.autodesk.orgtest.CreateOrgWithIndustries_TypeTest" name="CreateOrgWithIndustries_TypeTest" time="11.487"/>
  <testcase classname="com.crm.autodesk.genericutility.BaseClass" name="@AfterSuite closeConnection" time="0.0">
    <ignored/>
  </testcase> <!-- @AfterSuite closeConnection -->
  <testcase classname="com.crm.autodesk.genericutility.BaseClass" name="@BeforeSuite dbConnection" time="0.0">
    <ignored/>
  </testcase> <!-- @BeforeSuite dbConnection -->
</testsuite> <!-- TestRunner-2 -->
