<?xml version="1.0" encoding="UTF-8"?>
<!-- Generated by org.testng.reporters.JUnitXMLReporter -->
<testsuite ignored="2" hostname="LAPTOP-THHT2UM9" failures="0" tests="3" name="TestRunner-FIREFOX" time="55.335" errors="0" timestamp="2021-12-27T14:59:31 IST">
  <testcase classname="com.crm.autodesk.orgtest.CreatOrgTest" name="creatOrgTest" time="11.888"/>
  <testcase classname="com.crm.autodesk.orgtest.CreatOrgTest" name="createOrgDemo" time="0.0"/>
  <testcase classname="com.crm.autodesk.orgtest.CreateOrgWithIndustries_TypeTest" name="CreateOrgWithIndustries_TypeTest" time="11.822"/>
  <testcase classname="com.crm.autodesk.genericutility.BaseClass" name="@AfterSuite closeConnection" time="0.0">
    <ignored/>
  </testcase> <!-- @AfterSuite closeConnection -->
  <testcase classname="com.crm.autodesk.genericutility.BaseClass" name="@BeforeSuite dbConnection" time="0.0">
    <ignored/>
  </testcase> <!-- @BeforeSuite dbConnection -->
</testsuite> <!-- TestRunner-FIREFOX -->
