<?xml version="1.0" encoding="UTF-8"?>
<!-- Generated by org.testng.reporters.JUnitXMLReporter -->
<testsuite ignored="2" hostname="LAPTOP-THHT2UM9" failures="0" tests="2" name="TestRunner-1" time="57.833" errors="0" timestamp="2021-12-27T14:33:57 IST">
  <testcase classname="com.crm.autodesk.contacttest.CreateContactTest" name="CreateContactTest" time="11.635"/>
  <testcase classname="com.crm.autodesk.contacttest.CreateContactWithOrgTest" name="CreateContactWithOrgTest" time="29.071"/>
  <testcase classname="com.crm.autodesk.genericutility.BaseClass" name="@AfterSuite closeConnection" time="0.0">
    <ignored/>
  </testcase> <!-- @AfterSuite closeConnection -->
  <testcase classname="com.crm.autodesk.genericutility.BaseClass" name="@BeforeSuite dbConnection" time="0.0">
    <ignored/>
  </testcase> <!-- @BeforeSuite dbConnection -->
</testsuite> <!-- TestRunner-1 -->
